{"C:\\Users\\maria.adilla\\Documents\\git\\mern-ecommerce\\backend\\app.js": {"path":"C:\\Users\\maria.adilla\\Documents\\git\\mern-ecommerce\\backend\\app.js","statementMap":{"0":{"start":{"line":13,"column":0},"end":{"line":13,"column":16}},"1":{"start":{"line":15,"column":12},"end":{"line":15,"column":21}},"2":{"start":{"line":17,"column":0},"end":{"line":17,"column":41}},"3":{"start":{"line":18,"column":0},"end":{"line":18,"column":24}},"4":{"start":{"line":20,"column":0},"end":{"line":20,"column":33}},"5":{"start":{"line":21,"column":0},"end":{"line":21,"column":40}},"6":{"start":{"line":22,"column":0},"end":{"line":22,"column":33}},"7":{"start":{"line":23,"column":0},"end":{"line":23,"column":38}},"8":{"start":{"line":24,"column":0},"end":{"line":24,"column":40}},"9":{"start":{"line":25,"column":0},"end":{"line":25,"column":43}}},"fnMap":{},"branchMap":{},"s":{"0":1,"1":1,"2":1,"3":1,"4":1,"5":1,"6":1,"7":1,"8":1,"9":1},"f":{},"b":{},"_coverageSchema":"1a1c01bbd47fc00a2c39e90264f33305004495a9","hash":"bbf241222745b55b5933d27c9e6e1f42b4892c65"}
,"C:\\Users\\maria.adilla\\Documents\\git\\mern-ecommerce\\backend\\controllers\\analytics.controller.js": {"path":"C:\\Users\\maria.adilla\\Documents\\git\\mern-ecommerce\\backend\\controllers\\analytics.controller.js","statementMap":{"0":{"start":{"line":5,"column":32},"end":{"line":27,"column":1}},"1":{"start":{"line":6,"column":20},"end":{"line":6,"column":47}},"2":{"start":{"line":7,"column":23},"end":{"line":7,"column":53}},"3":{"start":{"line":9,"column":19},"end":{"line":17,"column":3}},"4":{"start":{"line":19,"column":38},"end":{"line":19,"column":88}},"5":{"start":{"line":21,"column":1},"end":{"line":26,"column":3}},"6":{"start":{"line":29,"column":33},"end":{"line":74,"column":1}},"7":{"start":{"line":30,"column":1},"end":{"line":73,"column":2}},"8":{"start":{"line":31,"column":25},"end":{"line":48,"column":4}},"9":{"start":{"line":59,"column":20},"end":{"line":59,"column":55}},"10":{"start":{"line":62,"column":2},"end":{"line":70,"column":5}},"11":{"start":{"line":63,"column":21},"end":{"line":63,"column":69}},"12":{"start":{"line":63,"column":51},"end":{"line":63,"column":68}},"13":{"start":{"line":65,"column":3},"end":{"line":69,"column":5}},"14":{"start":{"line":72,"column":2},"end":{"line":72,"column":14}},"15":{"start":{"line":77,"column":15},"end":{"line":77,"column":17}},"16":{"start":{"line":78,"column":19},"end":{"line":78,"column":38}},"17":{"start":{"line":80,"column":1},"end":{"line":83,"column":2}},"18":{"start":{"line":81,"column":2},"end":{"line":81,"column":54}},"19":{"start":{"line":82,"column":2},"end":{"line":82,"column":49}},"20":{"start":{"line":85,"column":1},"end":{"line":85,"column":14}}},"fnMap":{"0":{"name":"(anonymous_0)","decl":{"start":{"line":5,"column":32},"end":{"line":5,"column":33}},"loc":{"start":{"line":5,"column":44},"end":{"line":27,"column":1}},"line":5},"1":{"name":"(anonymous_1)","decl":{"start":{"line":29,"column":33},"end":{"line":29,"column":34}},"loc":{"start":{"line":29,"column":63},"end":{"line":74,"column":1}},"line":29},"2":{"name":"(anonymous_2)","decl":{"start":{"line":62,"column":23},"end":{"line":62,"column":24}},"loc":{"start":{"line":62,"column":33},"end":{"line":70,"column":3}},"line":62},"3":{"name":"(anonymous_3)","decl":{"start":{"line":63,"column":41},"end":{"line":63,"column":42}},"loc":{"start":{"line":63,"column":51},"end":{"line":63,"column":68}},"line":63},"4":{"name":"getDatesInRange","decl":{"start":{"line":76,"column":9},"end":{"line":76,"column":24}},"loc":{"start":{"line":76,"column":45},"end":{"line":86,"column":1}},"line":76}},"branchMap":{"0":{"loc":{"start":{"line":19,"column":38},"end":{"line":19,"column":88}},"type":"binary-expr","locations":[{"start":{"line":19,"column":38},"end":{"line":19,"column":50}},{"start":{"line":19,"column":54},"end":{"line":19,"column":88}}],"line":19},"1":{"loc":{"start":{"line":67,"column":11},"end":{"line":67,"column":32}},"type":"binary-expr","locations":[{"start":{"line":67,"column":11},"end":{"line":67,"column":27}},{"start":{"line":67,"column":31},"end":{"line":67,"column":32}}],"line":67},"2":{"loc":{"start":{"line":68,"column":13},"end":{"line":68,"column":36}},"type":"binary-expr","locations":[{"start":{"line":68,"column":13},"end":{"line":68,"column":31}},{"start":{"line":68,"column":35},"end":{"line":68,"column":36}}],"line":68}},"s":{"0":1,"1":1,"2":1,"3":1,"4":1,"5":1,"6":1,"7":1,"8":1,"9":1,"10":1,"11":8,"12":0,"13":8,"14":0,"15":1,"16":1,"17":1,"18":8,"19":8,"20":1},"f":{"0":1,"1":1,"2":8,"3":0,"4":1},"b":{"0":[1,1],"1":[8,8],"2":[8,8]},"_coverageSchema":"1a1c01bbd47fc00a2c39e90264f33305004495a9","hash":"1e3f5f0052ceab01822cb82328906805999b21ae"}
,"C:\\Users\\maria.adilla\\Documents\\git\\mern-ecommerce\\backend\\controllers\\auth.controller.js": {"path":"C:\\Users\\maria.adilla\\Documents\\git\\mern-ecommerce\\backend\\controllers\\auth.controller.js","statementMap":{"0":{"start":{"line":5,"column":23},"end":{"line":15,"column":1}},"1":{"start":{"line":6,"column":21},"end":{"line":8,"column":3}},"2":{"start":{"line":10,"column":22},"end":{"line":12,"column":3}},"3":{"start":{"line":14,"column":1},"end":{"line":14,"column":38}},"4":{"start":{"line":17,"column":26},"end":{"line":19,"column":1}},"5":{"start":{"line":18,"column":1},"end":{"line":18,"column":82}},"6":{"start":{"line":21,"column":19},"end":{"line":34,"column":1}},"7":{"start":{"line":22,"column":1},"end":{"line":27,"column":4}},"8":{"start":{"line":28,"column":1},"end":{"line":33,"column":4}},"9":{"start":{"line":36,"column":22},"end":{"line":77,"column":1}},"10":{"start":{"line":37,"column":35},"end":{"line":37,"column":43}},"11":{"start":{"line":38,"column":1},"end":{"line":76,"column":2}},"12":{"start":{"line":40,"column":2},"end":{"line":42,"column":3}},"13":{"start":{"line":41,"column":3},"end":{"line":41,"column":105}},"14":{"start":{"line":44,"column":21},"end":{"line":44,"column":50}},"15":{"start":{"line":46,"column":2},"end":{"line":48,"column":3}},"16":{"start":{"line":47,"column":3},"end":{"line":47,"column":97}},"17":{"start":{"line":49,"column":27},"end":{"line":49,"column":55}},"18":{"start":{"line":50,"column":2},"end":{"line":52,"column":3}},"19":{"start":{"line":51,"column":3},"end":{"line":51,"column":99}},"20":{"start":{"line":55,"column":2},"end":{"line":57,"column":3}},"21":{"start":{"line":56,"column":3},"end":{"line":56,"column":115}},"22":{"start":{"line":59,"column":15},"end":{"line":59,"column":59}},"23":{"start":{"line":62,"column":40},"end":{"line":62,"column":64}},"24":{"start":{"line":63,"column":2},"end":{"line":63,"column":50}},"25":{"start":{"line":65,"column":2},"end":{"line":65,"column":45}},"26":{"start":{"line":67,"column":2},"end":{"line":72,"column":5}},"27":{"start":{"line":74,"column":2},"end":{"line":74,"column":59}},"28":{"start":{"line":75,"column":2},"end":{"line":75,"column":51}},"29":{"start":{"line":79,"column":21},"end":{"line":108,"column":1}},"30":{"start":{"line":80,"column":1},"end":{"line":107,"column":2}},"31":{"start":{"line":81,"column":30},"end":{"line":81,"column":38}},"32":{"start":{"line":84,"column":2},"end":{"line":86,"column":3}},"33":{"start":{"line":85,"column":3},"end":{"line":85,"column":113}},"34":{"start":{"line":88,"column":15},"end":{"line":88,"column":44}},"35":{"start":{"line":90,"column":2},"end":{"line":103,"column":3}},"36":{"start":{"line":91,"column":41},"end":{"line":91,"column":65}},"37":{"start":{"line":92,"column":3},"end":{"line":92,"column":51}},"38":{"start":{"line":93,"column":3},"end":{"line":93,"column":46}},"39":{"start":{"line":95,"column":3},"end":{"line":100,"column":6}},"40":{"start":{"line":102,"column":3},"end":{"line":102,"column":96}},"41":{"start":{"line":105,"column":2},"end":{"line":105,"column":58}},"42":{"start":{"line":106,"column":2},"end":{"line":106,"column":51}},"43":{"start":{"line":110,"column":22},"end":{"line":125,"column":1}},"44":{"start":{"line":111,"column":1},"end":{"line":124,"column":2}},"45":{"start":{"line":112,"column":23},"end":{"line":112,"column":47}},"46":{"start":{"line":113,"column":2},"end":{"line":116,"column":3}},"47":{"start":{"line":114,"column":19},"end":{"line":114,"column":77}},"48":{"start":{"line":115,"column":3},"end":{"line":115,"column":54}},"49":{"start":{"line":118,"column":2},"end":{"line":118,"column":33}},"50":{"start":{"line":119,"column":2},"end":{"line":119,"column":34}},"51":{"start":{"line":120,"column":2},"end":{"line":120,"column":51}},"52":{"start":{"line":122,"column":2},"end":{"line":122,"column":59}},"53":{"start":{"line":123,"column":2},"end":{"line":123,"column":74}},"54":{"start":{"line":128,"column":28},"end":{"line":157,"column":1}},"55":{"start":{"line":129,"column":1},"end":{"line":156,"column":2}},"56":{"start":{"line":130,"column":23},"end":{"line":130,"column":47}},"57":{"start":{"line":132,"column":2},"end":{"line":134,"column":3}},"58":{"start":{"line":133,"column":3},"end":{"line":133,"column":73}},"59":{"start":{"line":136,"column":18},"end":{"line":136,"column":76}},"60":{"start":{"line":137,"column":22},"end":{"line":137,"column":72}},"61":{"start":{"line":139,"column":2},"end":{"line":141,"column":3}},"62":{"start":{"line":140,"column":3},"end":{"line":140,"column":69}},"63":{"start":{"line":143,"column":22},"end":{"line":143,"column":113}},"64":{"start":{"line":145,"column":2},"end":{"line":150,"column":5}},"65":{"start":{"line":152,"column":2},"end":{"line":152,"column":56}},"66":{"start":{"line":154,"column":2},"end":{"line":154,"column":65}},"67":{"start":{"line":155,"column":2},"end":{"line":155,"column":74}},"68":{"start":{"line":159,"column":26},"end":{"line":165,"column":1}},"69":{"start":{"line":160,"column":1},"end":{"line":164,"column":2}},"70":{"start":{"line":161,"column":2},"end":{"line":161,"column":21}},"71":{"start":{"line":163,"column":2},"end":{"line":163,"column":74}}},"fnMap":{"0":{"name":"(anonymous_0)","decl":{"start":{"line":5,"column":23},"end":{"line":5,"column":24}},"loc":{"start":{"line":5,"column":35},"end":{"line":15,"column":1}},"line":5},"1":{"name":"(anonymous_1)","decl":{"start":{"line":17,"column":26},"end":{"line":17,"column":27}},"loc":{"start":{"line":17,"column":58},"end":{"line":19,"column":1}},"line":17},"2":{"name":"(anonymous_2)","decl":{"start":{"line":21,"column":19},"end":{"line":21,"column":20}},"loc":{"start":{"line":21,"column":55},"end":{"line":34,"column":1}},"line":21},"3":{"name":"(anonymous_3)","decl":{"start":{"line":36,"column":22},"end":{"line":36,"column":23}},"loc":{"start":{"line":36,"column":42},"end":{"line":77,"column":1}},"line":36},"4":{"name":"(anonymous_4)","decl":{"start":{"line":79,"column":21},"end":{"line":79,"column":22}},"loc":{"start":{"line":79,"column":41},"end":{"line":108,"column":1}},"line":79},"5":{"name":"(anonymous_5)","decl":{"start":{"line":110,"column":22},"end":{"line":110,"column":23}},"loc":{"start":{"line":110,"column":42},"end":{"line":125,"column":1}},"line":110},"6":{"name":"(anonymous_6)","decl":{"start":{"line":128,"column":28},"end":{"line":128,"column":29}},"loc":{"start":{"line":128,"column":48},"end":{"line":157,"column":1}},"line":128},"7":{"name":"(anonymous_7)","decl":{"start":{"line":159,"column":26},"end":{"line":159,"column":27}},"loc":{"start":{"line":159,"column":46},"end":{"line":165,"column":1}},"line":159}},"branchMap":{"0":{"loc":{"start":{"line":40,"column":2},"end":{"line":42,"column":3}},"type":"if","locations":[{"start":{"line":40,"column":2},"end":{"line":42,"column":3}},{"start":{},"end":{}}],"line":40},"1":{"loc":{"start":{"line":40,"column":6},"end":{"line":40,"column":34}},"type":"binary-expr","locations":[{"start":{"line":40,"column":6},"end":{"line":40,"column":12}},{"start":{"line":40,"column":16},"end":{"line":40,"column":25}},{"start":{"line":40,"column":29},"end":{"line":40,"column":34}}],"line":40},"2":{"loc":{"start":{"line":46,"column":2},"end":{"line":48,"column":3}},"type":"if","locations":[{"start":{"line":46,"column":2},"end":{"line":48,"column":3}},{"start":{},"end":{}}],"line":46},"3":{"loc":{"start":{"line":50,"column":2},"end":{"line":52,"column":3}},"type":"if","locations":[{"start":{"line":50,"column":2},"end":{"line":52,"column":3}},{"start":{},"end":{}}],"line":50},"4":{"loc":{"start":{"line":55,"column":2},"end":{"line":57,"column":3}},"type":"if","locations":[{"start":{"line":55,"column":2},"end":{"line":57,"column":3}},{"start":{},"end":{}}],"line":55},"5":{"loc":{"start":{"line":84,"column":2},"end":{"line":86,"column":3}},"type":"if","locations":[{"start":{"line":84,"column":2},"end":{"line":86,"column":3}},{"start":{},"end":{}}],"line":84},"6":{"loc":{"start":{"line":84,"column":6},"end":{"line":84,"column":25}},"type":"binary-expr","locations":[{"start":{"line":84,"column":6},"end":{"line":84,"column":12}},{"start":{"line":84,"column":16},"end":{"line":84,"column":25}}],"line":84},"7":{"loc":{"start":{"line":90,"column":2},"end":{"line":103,"column":3}},"type":"if","locations":[{"start":{"line":90,"column":2},"end":{"line":103,"column":3}},{"start":{"line":101,"column":9},"end":{"line":103,"column":3}}],"line":90},"8":{"loc":{"start":{"line":90,"column":6},"end":{"line":90,"column":52}},"type":"binary-expr","locations":[{"start":{"line":90,"column":6},"end":{"line":90,"column":10}},{"start":{"line":90,"column":15},"end":{"line":90,"column":51}}],"line":90},"9":{"loc":{"start":{"line":113,"column":2},"end":{"line":116,"column":3}},"type":"if","locations":[{"start":{"line":113,"column":2},"end":{"line":116,"column":3}},{"start":{},"end":{}}],"line":113},"10":{"loc":{"start":{"line":132,"column":2},"end":{"line":134,"column":3}},"type":"if","locations":[{"start":{"line":132,"column":2},"end":{"line":134,"column":3}},{"start":{},"end":{}}],"line":132},"11":{"loc":{"start":{"line":139,"column":2},"end":{"line":141,"column":3}},"type":"if","locations":[{"start":{"line":139,"column":2},"end":{"line":141,"column":3}},{"start":{},"end":{}}],"line":139}},"s":{"0":1,"1":11,"2":11,"3":11,"4":1,"5":11,"6":1,"7":11,"8":11,"9":1,"10":10,"11":10,"12":10,"13":1,"14":9,"15":9,"16":2,"17":7,"18":7,"19":1,"20":6,"21":1,"22":5,"23":5,"24":5,"25":5,"26":5,"27":0,"28":0,"29":1,"30":9,"31":9,"32":9,"33":1,"34":8,"35":8,"36":6,"37":6,"38":6,"39":6,"40":2,"41":0,"42":0,"43":1,"44":3,"45":3,"46":3,"47":1,"48":1,"49":3,"50":3,"51":3,"52":0,"53":0,"54":1,"55":0,"56":0,"57":0,"58":0,"59":0,"60":0,"61":0,"62":0,"63":0,"64":0,"65":0,"66":0,"67":0,"68":1,"69":2,"70":2,"71":0},"f":{"0":11,"1":11,"2":11,"3":10,"4":9,"5":3,"6":0,"7":2},"b":{"0":[1,9],"1":[10,10,10],"2":[2,7],"3":[1,6],"4":[1,5],"5":[1,8],"6":[9,9],"7":[6,2],"8":[8,7],"9":[1,2],"10":[0,0],"11":[0,0]},"_coverageSchema":"1a1c01bbd47fc00a2c39e90264f33305004495a9","hash":"6d511e229cacf6a89422340a5738574bbd5b0c43"}
,"C:\\Users\\maria.adilla\\Documents\\git\\mern-ecommerce\\backend\\controllers\\cart.controller.js": {"path":"C:\\Users\\maria.adilla\\Documents\\git\\mern-ecommerce\\backend\\controllers\\cart.controller.js","statementMap":{"0":{"start":{"line":3,"column":31},"end":{"line":18,"column":1}},"1":{"start":{"line":4,"column":1},"end":{"line":17,"column":2}},"2":{"start":{"line":5,"column":19},"end":{"line":5,"column":75}},"3":{"start":{"line":8,"column":20},"end":{"line":11,"column":4}},"4":{"start":{"line":9,"column":16},"end":{"line":9,"column":81}},"5":{"start":{"line":9,"column":54},"end":{"line":9,"column":80}},"6":{"start":{"line":10,"column":3},"end":{"line":10,"column":59}},"7":{"start":{"line":13,"column":2},"end":{"line":13,"column":22}},"8":{"start":{"line":15,"column":2},"end":{"line":15,"column":68}},"9":{"start":{"line":16,"column":2},"end":{"line":16,"column":74}},"10":{"start":{"line":20,"column":25},"end":{"line":38,"column":1}},"11":{"start":{"line":21,"column":1},"end":{"line":37,"column":2}},"12":{"start":{"line":22,"column":24},"end":{"line":22,"column":32}},"13":{"start":{"line":23,"column":15},"end":{"line":23,"column":23}},"14":{"start":{"line":25,"column":23},"end":{"line":25,"column":75}},"15":{"start":{"line":25,"column":53},"end":{"line":25,"column":74}},"16":{"start":{"line":26,"column":2},"end":{"line":30,"column":3}},"17":{"start":{"line":27,"column":3},"end":{"line":27,"column":30}},"18":{"start":{"line":29,"column":3},"end":{"line":29,"column":34}},"19":{"start":{"line":32,"column":2},"end":{"line":32,"column":20}},"20":{"start":{"line":33,"column":2},"end":{"line":33,"column":27}},"21":{"start":{"line":35,"column":2},"end":{"line":35,"column":62}},"22":{"start":{"line":36,"column":2},"end":{"line":36,"column":74}},"23":{"start":{"line":40,"column":33},"end":{"line":54,"column":1}},"24":{"start":{"line":41,"column":1},"end":{"line":53,"column":2}},"25":{"start":{"line":42,"column":24},"end":{"line":42,"column":32}},"26":{"start":{"line":43,"column":15},"end":{"line":43,"column":23}},"27":{"start":{"line":44,"column":2},"end":{"line":48,"column":3}},"28":{"start":{"line":45,"column":3},"end":{"line":45,"column":23}},"29":{"start":{"line":47,"column":3},"end":{"line":47,"column":75}},"30":{"start":{"line":47,"column":52},"end":{"line":47,"column":73}},"31":{"start":{"line":49,"column":2},"end":{"line":49,"column":20}},"32":{"start":{"line":50,"column":2},"end":{"line":50,"column":27}},"33":{"start":{"line":52,"column":2},"end":{"line":52,"column":74}},"34":{"start":{"line":56,"column":30},"end":{"line":80,"column":1}},"35":{"start":{"line":57,"column":1},"end":{"line":79,"column":2}},"36":{"start":{"line":58,"column":28},"end":{"line":58,"column":38}},"37":{"start":{"line":59,"column":23},"end":{"line":59,"column":31}},"38":{"start":{"line":60,"column":15},"end":{"line":60,"column":23}},"39":{"start":{"line":61,"column":23},"end":{"line":61,"column":75}},"40":{"start":{"line":61,"column":53},"end":{"line":61,"column":74}},"41":{"start":{"line":63,"column":2},"end":{"line":75,"column":3}},"42":{"start":{"line":64,"column":3},"end":{"line":68,"column":4}},"43":{"start":{"line":65,"column":4},"end":{"line":65,"column":76}},"44":{"start":{"line":65,"column":53},"end":{"line":65,"column":74}},"45":{"start":{"line":66,"column":4},"end":{"line":66,"column":22}},"46":{"start":{"line":67,"column":4},"end":{"line":67,"column":36}},"47":{"start":{"line":70,"column":3},"end":{"line":70,"column":36}},"48":{"start":{"line":71,"column":3},"end":{"line":71,"column":21}},"49":{"start":{"line":72,"column":3},"end":{"line":72,"column":28}},"50":{"start":{"line":74,"column":3},"end":{"line":74,"column":58}},"51":{"start":{"line":77,"column":2},"end":{"line":77,"column":67}},"52":{"start":{"line":78,"column":2},"end":{"line":78,"column":74}}},"fnMap":{"0":{"name":"(anonymous_0)","decl":{"start":{"line":3,"column":31},"end":{"line":3,"column":32}},"loc":{"start":{"line":3,"column":51},"end":{"line":18,"column":1}},"line":3},"1":{"name":"(anonymous_1)","decl":{"start":{"line":8,"column":33},"end":{"line":8,"column":34}},"loc":{"start":{"line":8,"column":46},"end":{"line":11,"column":3}},"line":8},"2":{"name":"(anonymous_2)","decl":{"start":{"line":9,"column":40},"end":{"line":9,"column":41}},"loc":{"start":{"line":9,"column":54},"end":{"line":9,"column":80}},"line":9},"3":{"name":"(anonymous_3)","decl":{"start":{"line":20,"column":25},"end":{"line":20,"column":26}},"loc":{"start":{"line":20,"column":45},"end":{"line":38,"column":1}},"line":20},"4":{"name":"(anonymous_4)","decl":{"start":{"line":25,"column":43},"end":{"line":25,"column":44}},"loc":{"start":{"line":25,"column":53},"end":{"line":25,"column":74}},"line":25},"5":{"name":"(anonymous_5)","decl":{"start":{"line":40,"column":33},"end":{"line":40,"column":34}},"loc":{"start":{"line":40,"column":53},"end":{"line":54,"column":1}},"line":40},"6":{"name":"(anonymous_6)","decl":{"start":{"line":47,"column":42},"end":{"line":47,"column":43}},"loc":{"start":{"line":47,"column":52},"end":{"line":47,"column":73}},"line":47},"7":{"name":"(anonymous_7)","decl":{"start":{"line":56,"column":30},"end":{"line":56,"column":31}},"loc":{"start":{"line":56,"column":50},"end":{"line":80,"column":1}},"line":56},"8":{"name":"(anonymous_8)","decl":{"start":{"line":61,"column":43},"end":{"line":61,"column":44}},"loc":{"start":{"line":61,"column":53},"end":{"line":61,"column":74}},"line":61},"9":{"name":"(anonymous_9)","decl":{"start":{"line":65,"column":43},"end":{"line":65,"column":44}},"loc":{"start":{"line":65,"column":53},"end":{"line":65,"column":74}},"line":65}},"branchMap":{"0":{"loc":{"start":{"line":26,"column":2},"end":{"line":30,"column":3}},"type":"if","locations":[{"start":{"line":26,"column":2},"end":{"line":30,"column":3}},{"start":{"line":28,"column":9},"end":{"line":30,"column":3}}],"line":26},"1":{"loc":{"start":{"line":44,"column":2},"end":{"line":48,"column":3}},"type":"if","locations":[{"start":{"line":44,"column":2},"end":{"line":48,"column":3}},{"start":{"line":46,"column":9},"end":{"line":48,"column":3}}],"line":44},"2":{"loc":{"start":{"line":63,"column":2},"end":{"line":75,"column":3}},"type":"if","locations":[{"start":{"line":63,"column":2},"end":{"line":75,"column":3}},{"start":{"line":73,"column":9},"end":{"line":75,"column":3}}],"line":63},"3":{"loc":{"start":{"line":64,"column":3},"end":{"line":68,"column":4}},"type":"if","locations":[{"start":{"line":64,"column":3},"end":{"line":68,"column":4}},{"start":{},"end":{}}],"line":64}},"s":{"0":1,"1":0,"2":0,"3":0,"4":0,"5":0,"6":0,"7":0,"8":0,"9":0,"10":1,"11":0,"12":0,"13":0,"14":0,"15":0,"16":0,"17":0,"18":0,"19":0,"20":0,"21":0,"22":0,"23":1,"24":0,"25":0,"26":0,"27":0,"28":0,"29":0,"30":0,"31":0,"32":0,"33":0,"34":1,"35":0,"36":0,"37":0,"38":0,"39":0,"40":0,"41":0,"42":0,"43":0,"44":0,"45":0,"46":0,"47":0,"48":0,"49":0,"50":0,"51":0,"52":0},"f":{"0":0,"1":0,"2":0,"3":0,"4":0,"5":0,"6":0,"7":0,"8":0,"9":0},"b":{"0":[0,0],"1":[0,0],"2":[0,0],"3":[0,0]},"_coverageSchema":"1a1c01bbd47fc00a2c39e90264f33305004495a9","hash":"3e59f0e5c4b18bba24defcb2ffa8331839e9755d"}
,"C:\\Users\\maria.adilla\\Documents\\git\\mern-ecommerce\\backend\\controllers\\coupon.controller.js": {"path":"C:\\Users\\maria.adilla\\Documents\\git\\mern-ecommerce\\backend\\controllers\\coupon.controller.js","statementMap":{"0":{"start":{"line":3,"column":25},"end":{"line":11,"column":1}},"1":{"start":{"line":4,"column":1},"end":{"line":10,"column":2}},"2":{"start":{"line":5,"column":17},"end":{"line":5,"column":79}},"3":{"start":{"line":6,"column":2},"end":{"line":6,"column":27}},"4":{"start":{"line":8,"column":2},"end":{"line":8,"column":62}},"5":{"start":{"line":9,"column":2},"end":{"line":9,"column":74}},"6":{"start":{"line":13,"column":30},"end":{"line":37,"column":1}},"7":{"start":{"line":14,"column":1},"end":{"line":36,"column":2}},"8":{"start":{"line":15,"column":19},"end":{"line":15,"column":27}},"9":{"start":{"line":16,"column":17},"end":{"line":16,"column":91}},"10":{"start":{"line":18,"column":2},"end":{"line":20,"column":3}},"11":{"start":{"line":19,"column":3},"end":{"line":19,"column":64}},"12":{"start":{"line":22,"column":2},"end":{"line":26,"column":3}},"13":{"start":{"line":23,"column":3},"end":{"line":23,"column":27}},"14":{"start":{"line":24,"column":3},"end":{"line":24,"column":23}},"15":{"start":{"line":25,"column":3},"end":{"line":25,"column":62}},"16":{"start":{"line":28,"column":2},"end":{"line":32,"column":5}},"17":{"start":{"line":34,"column":2},"end":{"line":34,"column":67}},"18":{"start":{"line":35,"column":2},"end":{"line":35,"column":74}}},"fnMap":{"0":{"name":"(anonymous_0)","decl":{"start":{"line":3,"column":25},"end":{"line":3,"column":26}},"loc":{"start":{"line":3,"column":45},"end":{"line":11,"column":1}},"line":3},"1":{"name":"(anonymous_1)","decl":{"start":{"line":13,"column":30},"end":{"line":13,"column":31}},"loc":{"start":{"line":13,"column":50},"end":{"line":37,"column":1}},"line":13}},"branchMap":{"0":{"loc":{"start":{"line":6,"column":11},"end":{"line":6,"column":25}},"type":"binary-expr","locations":[{"start":{"line":6,"column":11},"end":{"line":6,"column":17}},{"start":{"line":6,"column":21},"end":{"line":6,"column":25}}],"line":6},"1":{"loc":{"start":{"line":18,"column":2},"end":{"line":20,"column":3}},"type":"if","locations":[{"start":{"line":18,"column":2},"end":{"line":20,"column":3}},{"start":{},"end":{}}],"line":18},"2":{"loc":{"start":{"line":22,"column":2},"end":{"line":26,"column":3}},"type":"if","locations":[{"start":{"line":22,"column":2},"end":{"line":26,"column":3}},{"start":{},"end":{}}],"line":22}},"s":{"0":1,"1":0,"2":0,"3":0,"4":0,"5":0,"6":1,"7":0,"8":0,"9":0,"10":0,"11":0,"12":0,"13":0,"14":0,"15":0,"16":0,"17":0,"18":0},"f":{"0":0,"1":0},"b":{"0":[0,0],"1":[0,0],"2":[0,0]},"_coverageSchema":"1a1c01bbd47fc00a2c39e90264f33305004495a9","hash":"5099f7b3c436c6dc1000051fab32ef7acd37077d"}
,"C:\\Users\\maria.adilla\\Documents\\git\\mern-ecommerce\\backend\\controllers\\payment.controller.js": {"path":"C:\\Users\\maria.adilla\\Documents\\git\\mern-ecommerce\\backend\\controllers\\payment.controller.js","statementMap":{"0":{"start":{"line":5,"column":37},"end":{"line":74,"column":1}},"1":{"start":{"line":6,"column":1},"end":{"line":73,"column":2}},"2":{"start":{"line":7,"column":35},"end":{"line":7,"column":43}},"3":{"start":{"line":9,"column":2},"end":{"line":11,"column":3}},"4":{"start":{"line":10,"column":3},"end":{"line":10,"column":77}},"5":{"start":{"line":13,"column":20},"end":{"line":13,"column":21}},"6":{"start":{"line":15,"column":20},"end":{"line":30,"column":4}},"7":{"start":{"line":16,"column":18},"end":{"line":16,"column":49}},"8":{"start":{"line":17,"column":3},"end":{"line":17,"column":44}},"9":{"start":{"line":19,"column":3},"end":{"line":29,"column":5}},"10":{"start":{"line":32,"column":15},"end":{"line":32,"column":19}},"11":{"start":{"line":33,"column":2},"end":{"line":38,"column":3}},"12":{"start":{"line":34,"column":3},"end":{"line":34,"column":93}},"13":{"start":{"line":35,"column":3},"end":{"line":37,"column":4}},"14":{"start":{"line":36,"column":4},"end":{"line":36,"column":79}},"15":{"start":{"line":40,"column":18},"end":{"line":64,"column":4}},"16":{"start":{"line":57,"column":26},"end":{"line":61,"column":6}},"17":{"start":{"line":66,"column":2},"end":{"line":68,"column":3}},"18":{"start":{"line":67,"column":3},"end":{"line":67,"column":39}},"19":{"start":{"line":69,"column":2},"end":{"line":69,"column":75}},"20":{"start":{"line":71,"column":2},"end":{"line":71,"column":53}},"21":{"start":{"line":72,"column":2},"end":{"line":72,"column":87}},"22":{"start":{"line":76,"column":31},"end":{"line":119,"column":1}},"23":{"start":{"line":77,"column":1},"end":{"line":118,"column":2}},"24":{"start":{"line":78,"column":24},"end":{"line":78,"column":32}},"25":{"start":{"line":79,"column":18},"end":{"line":79,"column":68}},"26":{"start":{"line":81,"column":2},"end":{"line":114,"column":3}},"27":{"start":{"line":82,"column":3},"end":{"line":92,"column":4}},"28":{"start":{"line":83,"column":4},"end":{"line":91,"column":6}},"29":{"start":{"line":95,"column":20},"end":{"line":95,"column":57}},"30":{"start":{"line":96,"column":20},"end":{"line":105,"column":5}},"31":{"start":{"line":98,"column":41},"end":{"line":102,"column":5}},"32":{"start":{"line":107,"column":3},"end":{"line":107,"column":25}},"33":{"start":{"line":109,"column":3},"end":{"line":113,"column":6}},"34":{"start":{"line":116,"column":2},"end":{"line":116,"column":64}},"35":{"start":{"line":117,"column":2},"end":{"line":117,"column":98}},"36":{"start":{"line":122,"column":16},"end":{"line":125,"column":3}},"37":{"start":{"line":127,"column":1},"end":{"line":127,"column":18}},"38":{"start":{"line":131,"column":1},"end":{"line":131,"column":43}},"39":{"start":{"line":133,"column":19},"end":{"line":138,"column":3}},"40":{"start":{"line":140,"column":1},"end":{"line":140,"column":24}},"41":{"start":{"line":142,"column":1},"end":{"line":142,"column":18}}},"fnMap":{"0":{"name":"(anonymous_0)","decl":{"start":{"line":5,"column":37},"end":{"line":5,"column":38}},"loc":{"start":{"line":5,"column":57},"end":{"line":74,"column":1}},"line":5},"1":{"name":"(anonymous_1)","decl":{"start":{"line":15,"column":33},"end":{"line":15,"column":34}},"loc":{"start":{"line":15,"column":46},"end":{"line":30,"column":3}},"line":15},"2":{"name":"(anonymous_2)","decl":{"start":{"line":57,"column":18},"end":{"line":57,"column":19}},"loc":{"start":{"line":57,"column":26},"end":{"line":61,"column":6}},"line":57},"3":{"name":"(anonymous_3)","decl":{"start":{"line":76,"column":31},"end":{"line":76,"column":32}},"loc":{"start":{"line":76,"column":51},"end":{"line":119,"column":1}},"line":76},"4":{"name":"(anonymous_4)","decl":{"start":{"line":98,"column":27},"end":{"line":98,"column":28}},"loc":{"start":{"line":98,"column":41},"end":{"line":102,"column":5}},"line":98},"5":{"name":"createStripeCoupon","decl":{"start":{"line":121,"column":15},"end":{"line":121,"column":33}},"loc":{"start":{"line":121,"column":54},"end":{"line":128,"column":1}},"line":121},"6":{"name":"createNewCoupon","decl":{"start":{"line":130,"column":15},"end":{"line":130,"column":30}},"loc":{"start":{"line":130,"column":39},"end":{"line":143,"column":1}},"line":130}},"branchMap":{"0":{"loc":{"start":{"line":9,"column":2},"end":{"line":11,"column":3}},"type":"if","locations":[{"start":{"line":9,"column":2},"end":{"line":11,"column":3}},{"start":{},"end":{}}],"line":9},"1":{"loc":{"start":{"line":9,"column":6},"end":{"line":9,"column":55}},"type":"binary-expr","locations":[{"start":{"line":9,"column":6},"end":{"line":9,"column":30}},{"start":{"line":9,"column":34},"end":{"line":9,"column":55}}],"line":9},"2":{"loc":{"start":{"line":28,"column":14},"end":{"line":28,"column":35}},"type":"binary-expr","locations":[{"start":{"line":28,"column":14},"end":{"line":28,"column":30}},{"start":{"line":28,"column":34},"end":{"line":28,"column":35}}],"line":28},"3":{"loc":{"start":{"line":33,"column":2},"end":{"line":38,"column":3}},"type":"if","locations":[{"start":{"line":33,"column":2},"end":{"line":38,"column":3}},{"start":{},"end":{}}],"line":33},"4":{"loc":{"start":{"line":35,"column":3},"end":{"line":37,"column":4}},"type":"if","locations":[{"start":{"line":35,"column":3},"end":{"line":37,"column":4}},{"start":{},"end":{}}],"line":35},"5":{"loc":{"start":{"line":46,"column":14},"end":{"line":52,"column":8}},"type":"cond-expr","locations":[{"start":{"line":47,"column":6},"end":{"line":51,"column":7}},{"start":{"line":52,"column":6},"end":{"line":52,"column":8}}],"line":46},"6":{"loc":{"start":{"line":55,"column":16},"end":{"line":55,"column":32}},"type":"binary-expr","locations":[{"start":{"line":55,"column":16},"end":{"line":55,"column":26}},{"start":{"line":55,"column":30},"end":{"line":55,"column":32}}],"line":55},"7":{"loc":{"start":{"line":66,"column":2},"end":{"line":68,"column":3}},"type":"if","locations":[{"start":{"line":66,"column":2},"end":{"line":68,"column":3}},{"start":{},"end":{}}],"line":66},"8":{"loc":{"start":{"line":81,"column":2},"end":{"line":114,"column":3}},"type":"if","locations":[{"start":{"line":81,"column":2},"end":{"line":114,"column":3}},{"start":{},"end":{}}],"line":81},"9":{"loc":{"start":{"line":82,"column":3},"end":{"line":92,"column":4}},"type":"if","locations":[{"start":{"line":82,"column":3},"end":{"line":92,"column":4}},{"start":{},"end":{}}],"line":82}},"s":{"0":1,"1":0,"2":0,"3":0,"4":0,"5":0,"6":0,"7":0,"8":0,"9":0,"10":0,"11":0,"12":0,"13":0,"14":0,"15":0,"16":0,"17":0,"18":0,"19":0,"20":0,"21":0,"22":1,"23":0,"24":0,"25":0,"26":0,"27":0,"28":0,"29":0,"30":0,"31":0,"32":0,"33":0,"34":0,"35":0,"36":0,"37":0,"38":0,"39":0,"40":0,"41":0},"f":{"0":0,"1":0,"2":0,"3":0,"4":0,"5":0,"6":0},"b":{"0":[0,0],"1":[0,0],"2":[0,0],"3":[0,0],"4":[0,0],"5":[0,0],"6":[0,0],"7":[0,0],"8":[0,0],"9":[0,0]},"_coverageSchema":"1a1c01bbd47fc00a2c39e90264f33305004495a9","hash":"49647133d2e5d943847e5e4fa5a30cd648c08cd9"}
,"C:\\Users\\maria.adilla\\Documents\\git\\mern-ecommerce\\backend\\controllers\\product.controller.js": {"path":"C:\\Users\\maria.adilla\\Documents\\git\\mern-ecommerce\\backend\\controllers\\product.controller.js","statementMap":{"0":{"start":{"line":5,"column":30},"end":{"line":13,"column":1}},"1":{"start":{"line":6,"column":1},"end":{"line":12,"column":2}},"2":{"start":{"line":7,"column":19},"end":{"line":7,"column":41}},"3":{"start":{"line":8,"column":2},"end":{"line":8,"column":25}},"4":{"start":{"line":10,"column":2},"end":{"line":10,"column":67}},"5":{"start":{"line":11,"column":2},"end":{"line":11,"column":74}},"6":{"start":{"line":15,"column":35},"end":{"line":40,"column":1}},"7":{"start":{"line":16,"column":1},"end":{"line":39,"column":2}},"8":{"start":{"line":17,"column":25},"end":{"line":17,"column":61}},"9":{"start":{"line":18,"column":2},"end":{"line":20,"column":3}},"10":{"start":{"line":19,"column":3},"end":{"line":19,"column":49}},"11":{"start":{"line":25,"column":2},"end":{"line":25,"column":69}},"12":{"start":{"line":27,"column":2},"end":{"line":29,"column":3}},"13":{"start":{"line":28,"column":3},"end":{"line":28,"column":74}},"14":{"start":{"line":33,"column":2},"end":{"line":33,"column":73}},"15":{"start":{"line":35,"column":2},"end":{"line":35,"column":29}},"16":{"start":{"line":37,"column":2},"end":{"line":37,"column":72}},"17":{"start":{"line":38,"column":2},"end":{"line":38,"column":74}},"18":{"start":{"line":42,"column":29},"end":{"line":65,"column":1}},"19":{"start":{"line":43,"column":1},"end":{"line":64,"column":2}},"20":{"start":{"line":44,"column":56},"end":{"line":44,"column":64}},"21":{"start":{"line":46,"column":27},"end":{"line":46,"column":31}},"22":{"start":{"line":48,"column":2},"end":{"line":50,"column":3}},"23":{"start":{"line":49,"column":3},"end":{"line":49,"column":88}},"24":{"start":{"line":52,"column":18},"end":{"line":58,"column":4}},"25":{"start":{"line":60,"column":2},"end":{"line":60,"column":32}},"26":{"start":{"line":62,"column":2},"end":{"line":62,"column":66}},"27":{"start":{"line":63,"column":2},"end":{"line":63,"column":74}},"28":{"start":{"line":67,"column":29},"end":{"line":92,"column":1}},"29":{"start":{"line":68,"column":1},"end":{"line":91,"column":2}},"30":{"start":{"line":69,"column":18},"end":{"line":69,"column":55}},"31":{"start":{"line":71,"column":2},"end":{"line":73,"column":3}},"32":{"start":{"line":72,"column":3},"end":{"line":72,"column":65}},"33":{"start":{"line":75,"column":2},"end":{"line":83,"column":3}},"34":{"start":{"line":76,"column":20},"end":{"line":76,"column":64}},"35":{"start":{"line":77,"column":3},"end":{"line":82,"column":4}},"36":{"start":{"line":78,"column":4},"end":{"line":78,"column":62}},"37":{"start":{"line":79,"column":4},"end":{"line":79,"column":49}},"38":{"start":{"line":81,"column":4},"end":{"line":81,"column":63}},"39":{"start":{"line":85,"column":2},"end":{"line":85,"column":49}},"40":{"start":{"line":87,"column":2},"end":{"line":87,"column":56}},"41":{"start":{"line":89,"column":2},"end":{"line":89,"column":66}},"42":{"start":{"line":90,"column":2},"end":{"line":90,"column":74}},"43":{"start":{"line":94,"column":38},"end":{"line":116,"column":1}},"44":{"start":{"line":95,"column":1},"end":{"line":115,"column":2}},"45":{"start":{"line":96,"column":19},"end":{"line":109,"column":4}},"46":{"start":{"line":111,"column":2},"end":{"line":111,"column":21}},"47":{"start":{"line":113,"column":2},"end":{"line":113,"column":75}},"48":{"start":{"line":114,"column":2},"end":{"line":114,"column":74}},"49":{"start":{"line":118,"column":37},"end":{"line":127,"column":1}},"50":{"start":{"line":119,"column":22},"end":{"line":119,"column":32}},"51":{"start":{"line":120,"column":1},"end":{"line":126,"column":2}},"52":{"start":{"line":121,"column":19},"end":{"line":121,"column":51}},"53":{"start":{"line":122,"column":2},"end":{"line":122,"column":25}},"54":{"start":{"line":124,"column":2},"end":{"line":124,"column":74}},"55":{"start":{"line":125,"column":2},"end":{"line":125,"column":74}},"56":{"start":{"line":129,"column":37},"end":{"line":144,"column":1}},"57":{"start":{"line":130,"column":1},"end":{"line":143,"column":2}},"58":{"start":{"line":131,"column":18},"end":{"line":131,"column":55}},"59":{"start":{"line":132,"column":2},"end":{"line":139,"column":3}},"60":{"start":{"line":133,"column":3},"end":{"line":133,"column":44}},"61":{"start":{"line":134,"column":26},"end":{"line":134,"column":46}},"62":{"start":{"line":135,"column":3},"end":{"line":135,"column":39}},"63":{"start":{"line":136,"column":3},"end":{"line":136,"column":28}},"64":{"start":{"line":138,"column":3},"end":{"line":138,"column":58}},"65":{"start":{"line":141,"column":2},"end":{"line":141,"column":74}},"66":{"start":{"line":142,"column":2},"end":{"line":142,"column":74}},"67":{"start":{"line":147,"column":1},"end":{"line":154,"column":2}},"68":{"start":{"line":150,"column":27},"end":{"line":150,"column":74}},"69":{"start":{"line":151,"column":2},"end":{"line":151,"column":73}},"70":{"start":{"line":153,"column":2},"end":{"line":153,"column":48}}},"fnMap":{"0":{"name":"(anonymous_0)","decl":{"start":{"line":5,"column":30},"end":{"line":5,"column":31}},"loc":{"start":{"line":5,"column":50},"end":{"line":13,"column":1}},"line":5},"1":{"name":"(anonymous_1)","decl":{"start":{"line":15,"column":35},"end":{"line":15,"column":36}},"loc":{"start":{"line":15,"column":55},"end":{"line":40,"column":1}},"line":15},"2":{"name":"(anonymous_2)","decl":{"start":{"line":42,"column":29},"end":{"line":42,"column":30}},"loc":{"start":{"line":42,"column":49},"end":{"line":65,"column":1}},"line":42},"3":{"name":"(anonymous_3)","decl":{"start":{"line":67,"column":29},"end":{"line":67,"column":30}},"loc":{"start":{"line":67,"column":49},"end":{"line":92,"column":1}},"line":67},"4":{"name":"(anonymous_4)","decl":{"start":{"line":94,"column":38},"end":{"line":94,"column":39}},"loc":{"start":{"line":94,"column":58},"end":{"line":116,"column":1}},"line":94},"5":{"name":"(anonymous_5)","decl":{"start":{"line":118,"column":37},"end":{"line":118,"column":38}},"loc":{"start":{"line":118,"column":57},"end":{"line":127,"column":1}},"line":118},"6":{"name":"(anonymous_6)","decl":{"start":{"line":129,"column":37},"end":{"line":129,"column":38}},"loc":{"start":{"line":129,"column":57},"end":{"line":144,"column":1}},"line":129},"7":{"name":"updateFeaturedProductsCache","decl":{"start":{"line":146,"column":15},"end":{"line":146,"column":42}},"loc":{"start":{"line":146,"column":45},"end":{"line":155,"column":1}},"line":146}},"branchMap":{"0":{"loc":{"start":{"line":18,"column":2},"end":{"line":20,"column":3}},"type":"if","locations":[{"start":{"line":18,"column":2},"end":{"line":20,"column":3}},{"start":{},"end":{}}],"line":18},"1":{"loc":{"start":{"line":27,"column":2},"end":{"line":29,"column":3}},"type":"if","locations":[{"start":{"line":27,"column":2},"end":{"line":29,"column":3}},{"start":{},"end":{}}],"line":27},"2":{"loc":{"start":{"line":48,"column":2},"end":{"line":50,"column":3}},"type":"if","locations":[{"start":{"line":48,"column":2},"end":{"line":50,"column":3}},{"start":{},"end":{}}],"line":48},"3":{"loc":{"start":{"line":56,"column":10},"end":{"line":56,"column":77}},"type":"cond-expr","locations":[{"start":{"line":56,"column":43},"end":{"line":56,"column":72}},{"start":{"line":56,"column":75},"end":{"line":56,"column":77}}],"line":56},"4":{"loc":{"start":{"line":71,"column":2},"end":{"line":73,"column":3}},"type":"if","locations":[{"start":{"line":71,"column":2},"end":{"line":73,"column":3}},{"start":{},"end":{}}],"line":71},"5":{"loc":{"start":{"line":75,"column":2},"end":{"line":83,"column":3}},"type":"if","locations":[{"start":{"line":75,"column":2},"end":{"line":83,"column":3}},{"start":{},"end":{}}],"line":75},"6":{"loc":{"start":{"line":132,"column":2},"end":{"line":139,"column":3}},"type":"if","locations":[{"start":{"line":132,"column":2},"end":{"line":139,"column":3}},{"start":{"line":137,"column":9},"end":{"line":139,"column":3}}],"line":132}},"s":{"0":1,"1":0,"2":0,"3":0,"4":0,"5":0,"6":1,"7":0,"8":0,"9":0,"10":0,"11":0,"12":0,"13":0,"14":0,"15":0,"16":0,"17":0,"18":1,"19":0,"20":0,"21":0,"22":0,"23":0,"24":0,"25":0,"26":0,"27":0,"28":1,"29":0,"30":0,"31":0,"32":0,"33":0,"34":0,"35":0,"36":0,"37":0,"38":0,"39":0,"40":0,"41":0,"42":0,"43":1,"44":0,"45":0,"46":0,"47":0,"48":0,"49":1,"50":0,"51":0,"52":0,"53":0,"54":0,"55":0,"56":1,"57":0,"58":0,"59":0,"60":0,"61":0,"62":0,"63":0,"64":0,"65":0,"66":0,"67":0,"68":0,"69":0,"70":0},"f":{"0":0,"1":0,"2":0,"3":0,"4":0,"5":0,"6":0,"7":0},"b":{"0":[0,0],"1":[0,0],"2":[0,0],"3":[0,0],"4":[0,0],"5":[0,0],"6":[0,0]},"_coverageSchema":"1a1c01bbd47fc00a2c39e90264f33305004495a9","hash":"610edfccabc059fe00e5201a27fbe053344c9598"}
,"C:\\Users\\maria.adilla\\Documents\\git\\mern-ecommerce\\backend\\lib\\cloudinary.js": {"path":"C:\\Users\\maria.adilla\\Documents\\git\\mern-ecommerce\\backend\\lib\\cloudinary.js","statementMap":{"0":{"start":{"line":4,"column":0},"end":{"line":4,"column":16}},"1":{"start":{"line":6,"column":0},"end":{"line":10,"column":3}}},"fnMap":{},"branchMap":{},"s":{"0":1,"1":1},"f":{},"b":{},"_coverageSchema":"1a1c01bbd47fc00a2c39e90264f33305004495a9","hash":"38d9a1fb50bd5c69860d3fe14d7ede7d95cafd64"}
,"C:\\Users\\maria.adilla\\Documents\\git\\mern-ecommerce\\backend\\lib\\redis.js": {"path":"C:\\Users\\maria.adilla\\Documents\\git\\mern-ecommerce\\backend\\lib\\redis.js","statementMap":{"0":{"start":{"line":4,"column":0},"end":{"line":4,"column":16}},"1":{"start":{"line":7,"column":2},"end":{"line":13,"column":46}},"2":{"start":{"line":9,"column":25},"end":{"line":9,"column":29}},"3":{"start":{"line":10,"column":25},"end":{"line":10,"column":29}},"4":{"start":{"line":11,"column":25},"end":{"line":11,"column":26}}},"fnMap":{"0":{"name":"(anonymous_0)","decl":{"start":{"line":9,"column":13},"end":{"line":9,"column":14}},"loc":{"start":{"line":9,"column":25},"end":{"line":9,"column":29}},"line":9},"1":{"name":"(anonymous_1)","decl":{"start":{"line":10,"column":13},"end":{"line":10,"column":14}},"loc":{"start":{"line":10,"column":25},"end":{"line":10,"column":29}},"line":10},"2":{"name":"(anonymous_2)","decl":{"start":{"line":11,"column":13},"end":{"line":11,"column":14}},"loc":{"start":{"line":11,"column":25},"end":{"line":11,"column":26}},"line":11}},"branchMap":{"0":{"loc":{"start":{"line":7,"column":2},"end":{"line":13,"column":46}},"type":"cond-expr","locations":[{"start":{"line":8,"column":6},"end":{"line":12,"column":7}},{"start":{"line":13,"column":6},"end":{"line":13,"column":46}}],"line":7}},"s":{"0":1,"1":1,"2":11,"3":0,"4":1},"f":{"0":11,"1":0,"2":1},"b":{"0":[1,0]},"_coverageSchema":"1a1c01bbd47fc00a2c39e90264f33305004495a9","hash":"c421f437e2a60c7754eb1b011f7982b2d5f89fc6"}
,"C:\\Users\\maria.adilla\\Documents\\git\\mern-ecommerce\\backend\\lib\\stripe.js": {"path":"C:\\Users\\maria.adilla\\Documents\\git\\mern-ecommerce\\backend\\lib\\stripe.js","statementMap":{"0":{"start":{"line":4,"column":0},"end":{"line":4,"column":16}},"1":{"start":{"line":6,"column":22},"end":{"line":6,"column":63}}},"fnMap":{},"branchMap":{},"s":{"0":1,"1":1},"f":{},"b":{},"_coverageSchema":"1a1c01bbd47fc00a2c39e90264f33305004495a9","hash":"aea06b27b28cff36b5d707f4c864a47a5c0c6302"}
,"C:\\Users\\maria.adilla\\Documents\\git\\mern-ecommerce\\backend\\middleware\\auth.middleware.js": {"path":"C:\\Users\\maria.adilla\\Documents\\git\\mern-ecommerce\\backend\\middleware\\auth.middleware.js","statementMap":{"0":{"start":{"line":4,"column":28},"end":{"line":33,"column":1}},"1":{"start":{"line":5,"column":1},"end":{"line":32,"column":2}},"2":{"start":{"line":6,"column":22},"end":{"line":6,"column":45}},"3":{"start":{"line":8,"column":2},"end":{"line":10,"column":3}},"4":{"start":{"line":9,"column":3},"end":{"line":9,"column":122}},"5":{"start":{"line":12,"column":2},"end":{"line":28,"column":3}},"6":{"start":{"line":13,"column":19},"end":{"line":13,"column":75}},"7":{"start":{"line":14,"column":16},"end":{"line":14,"column":71}},"8":{"start":{"line":16,"column":3},"end":{"line":18,"column":4}},"9":{"start":{"line":17,"column":4},"end":{"line":17,"column":63}},"10":{"start":{"line":20,"column":3},"end":{"line":20,"column":19}},"11":{"start":{"line":22,"column":3},"end":{"line":22,"column":10}},"12":{"start":{"line":24,"column":3},"end":{"line":26,"column":4}},"13":{"start":{"line":25,"column":4},"end":{"line":25,"column":84}},"14":{"start":{"line":27,"column":3},"end":{"line":27,"column":15}},"15":{"start":{"line":30,"column":2},"end":{"line":30,"column":65}},"16":{"start":{"line":31,"column":2},"end":{"line":31,"column":113}},"17":{"start":{"line":35,"column":26},"end":{"line":41,"column":1}},"18":{"start":{"line":36,"column":1},"end":{"line":40,"column":2}},"19":{"start":{"line":37,"column":2},"end":{"line":37,"column":9}},"20":{"start":{"line":39,"column":2},"end":{"line":39,"column":73}}},"fnMap":{"0":{"name":"(anonymous_0)","decl":{"start":{"line":4,"column":28},"end":{"line":4,"column":29}},"loc":{"start":{"line":4,"column":54},"end":{"line":33,"column":1}},"line":4},"1":{"name":"(anonymous_1)","decl":{"start":{"line":35,"column":26},"end":{"line":35,"column":27}},"loc":{"start":{"line":35,"column":46},"end":{"line":41,"column":1}},"line":35}},"branchMap":{"0":{"loc":{"start":{"line":8,"column":2},"end":{"line":10,"column":3}},"type":"if","locations":[{"start":{"line":8,"column":2},"end":{"line":10,"column":3}},{"start":{},"end":{}}],"line":8},"1":{"loc":{"start":{"line":16,"column":3},"end":{"line":18,"column":4}},"type":"if","locations":[{"start":{"line":16,"column":3},"end":{"line":18,"column":4}},{"start":{},"end":{}}],"line":16},"2":{"loc":{"start":{"line":24,"column":3},"end":{"line":26,"column":4}},"type":"if","locations":[{"start":{"line":24,"column":3},"end":{"line":26,"column":4}},{"start":{},"end":{}}],"line":24},"3":{"loc":{"start":{"line":36,"column":1},"end":{"line":40,"column":2}},"type":"if","locations":[{"start":{"line":36,"column":1},"end":{"line":40,"column":2}},{"start":{"line":38,"column":8},"end":{"line":40,"column":2}}],"line":36},"4":{"loc":{"start":{"line":36,"column":5},"end":{"line":36,"column":42}},"type":"binary-expr","locations":[{"start":{"line":36,"column":5},"end":{"line":36,"column":13}},{"start":{"line":36,"column":17},"end":{"line":36,"column":42}}],"line":36}},"s":{"0":1,"1":6,"2":6,"3":6,"4":1,"5":5,"6":5,"7":4,"8":4,"9":0,"10":4,"11":4,"12":1,"13":0,"14":1,"15":1,"16":1,"17":1,"18":2,"19":1,"20":1},"f":{"0":6,"1":2},"b":{"0":[1,5],"1":[0,4],"2":[0,1],"3":[1,1],"4":[2,2]},"_coverageSchema":"1a1c01bbd47fc00a2c39e90264f33305004495a9","hash":"5c66e20bff3f036ab8ab2fcf0322f863b1825f41"}
,"C:\\Users\\maria.adilla\\Documents\\git\\mern-ecommerce\\backend\\models\\coupon.model.js": {"path":"C:\\Users\\maria.adilla\\Documents\\git\\mern-ecommerce\\backend\\models\\coupon.model.js","statementMap":{"0":{"start":{"line":3,"column":21},"end":{"line":34,"column":1}},"1":{"start":{"line":36,"column":15},"end":{"line":36,"column":53}}},"fnMap":{},"branchMap":{},"s":{"0":1,"1":1},"f":{},"b":{},"_coverageSchema":"1a1c01bbd47fc00a2c39e90264f33305004495a9","hash":"5569804331e1f5f73c27d01bf993d3ff5f170196"}
,"C:\\Users\\maria.adilla\\Documents\\git\\mern-ecommerce\\backend\\models\\order.model.js": {"path":"C:\\Users\\maria.adilla\\Documents\\git\\mern-ecommerce\\backend\\models\\order.model.js","statementMap":{"0":{"start":{"line":3,"column":20},"end":{"line":40,"column":1}},"1":{"start":{"line":42,"column":14},"end":{"line":42,"column":50}}},"fnMap":{},"branchMap":{},"s":{"0":1,"1":1},"f":{},"b":{},"_coverageSchema":"1a1c01bbd47fc00a2c39e90264f33305004495a9","hash":"3157ccbfa5847d07f1a3db002201c8d956ef0dfb"}
,"C:\\Users\\maria.adilla\\Documents\\git\\mern-ecommerce\\backend\\models\\product.model.js": {"path":"C:\\Users\\maria.adilla\\Documents\\git\\mern-ecommerce\\backend\\models\\product.model.js","statementMap":{"0":{"start":{"line":3,"column":22},"end":{"line":32,"column":1}},"1":{"start":{"line":34,"column":16},"end":{"line":34,"column":56}}},"fnMap":{},"branchMap":{},"s":{"0":1,"1":1},"f":{},"b":{},"_coverageSchema":"1a1c01bbd47fc00a2c39e90264f33305004495a9","hash":"936064f09b4a0b452dbd7ac3afccee7b7c3a3393"}
,"C:\\Users\\maria.adilla\\Documents\\git\\mern-ecommerce\\backend\\models\\user.model.js": {"path":"C:\\Users\\maria.adilla\\Documents\\git\\mern-ecommerce\\backend\\models\\user.model.js","statementMap":{"0":{"start":{"line":4,"column":19},"end":{"line":43,"column":1}},"1":{"start":{"line":46,"column":0},"end":{"line":56,"column":3}},"2":{"start":{"line":47,"column":1},"end":{"line":47,"column":49}},"3":{"start":{"line":47,"column":35},"end":{"line":47,"column":49}},"4":{"start":{"line":49,"column":1},"end":{"line":55,"column":2}},"5":{"start":{"line":50,"column":15},"end":{"line":50,"column":39}},"6":{"start":{"line":51,"column":2},"end":{"line":51,"column":57}},"7":{"start":{"line":52,"column":2},"end":{"line":52,"column":9}},"8":{"start":{"line":54,"column":2},"end":{"line":54,"column":14}},"9":{"start":{"line":58,"column":0},"end":{"line":60,"column":2}},"10":{"start":{"line":59,"column":1},"end":{"line":59,"column":48}},"11":{"start":{"line":62,"column":13},"end":{"line":62,"column":47}}},"fnMap":{"0":{"name":"(anonymous_0)","decl":{"start":{"line":46,"column":23},"end":{"line":46,"column":24}},"loc":{"start":{"line":46,"column":45},"end":{"line":56,"column":1}},"line":46},"1":{"name":"(anonymous_1)","decl":{"start":{"line":58,"column":37},"end":{"line":58,"column":38}},"loc":{"start":{"line":58,"column":63},"end":{"line":60,"column":1}},"line":58}},"branchMap":{"0":{"loc":{"start":{"line":47,"column":1},"end":{"line":47,"column":49}},"type":"if","locations":[{"start":{"line":47,"column":1},"end":{"line":47,"column":49}},{"start":{},"end":{}}],"line":47}},"s":{"0":1,"1":1,"2":12,"3":0,"4":12,"5":12,"6":12,"7":12,"8":0,"9":1,"10":7,"11":1},"f":{"0":12,"1":7},"b":{"0":[0,12]},"_coverageSchema":"1a1c01bbd47fc00a2c39e90264f33305004495a9","hash":"ead990c50c22ee1ce5d895d0283534e967c72159"}
,"C:\\Users\\maria.adilla\\Documents\\git\\mern-ecommerce\\backend\\routes\\analytics.route.js": {"path":"C:\\Users\\maria.adilla\\Documents\\git\\mern-ecommerce\\backend\\routes\\analytics.route.js","statementMap":{"0":{"start":{"line":5,"column":15},"end":{"line":5,"column":31}},"1":{"start":{"line":7,"column":0},"end":{"line":24,"column":3}},"2":{"start":{"line":8,"column":1},"end":{"line":23,"column":2}},"3":{"start":{"line":9,"column":24},"end":{"line":9,"column":48}},"4":{"start":{"line":11,"column":18},"end":{"line":11,"column":28}},"5":{"start":{"line":12,"column":20},"end":{"line":12,"column":73}},"6":{"start":{"line":14,"column":25},"end":{"line":14,"column":68}},"7":{"start":{"line":16,"column":2},"end":{"line":19,"column":5}},"8":{"start":{"line":21,"column":2},"end":{"line":21,"column":57}},"9":{"start":{"line":22,"column":2},"end":{"line":22,"column":74}}},"fnMap":{"0":{"name":"(anonymous_0)","decl":{"start":{"line":7,"column":42},"end":{"line":7,"column":43}},"loc":{"start":{"line":7,"column":62},"end":{"line":24,"column":1}},"line":7}},"branchMap":{},"s":{"0":1,"1":1,"2":1,"3":1,"4":1,"5":1,"6":1,"7":1,"8":0,"9":0},"f":{"0":1},"b":{},"_coverageSchema":"1a1c01bbd47fc00a2c39e90264f33305004495a9","hash":"0866d99c1bde297b3a2c2ad0f1345c57c542c44e"}
,"C:\\Users\\maria.adilla\\Documents\\git\\mern-ecommerce\\backend\\routes\\auth.route.js": {"path":"C:\\Users\\maria.adilla\\Documents\\git\\mern-ecommerce\\backend\\routes\\auth.route.js","statementMap":{"0":{"start":{"line":5,"column":15},"end":{"line":5,"column":31}},"1":{"start":{"line":7,"column":0},"end":{"line":7,"column":31}},"2":{"start":{"line":8,"column":0},"end":{"line":8,"column":29}},"3":{"start":{"line":9,"column":0},"end":{"line":9,"column":31}},"4":{"start":{"line":10,"column":0},"end":{"line":10,"column":44}},"5":{"start":{"line":11,"column":0},"end":{"line":11,"column":49}}},"fnMap":{},"branchMap":{},"s":{"0":1,"1":1,"2":1,"3":1,"4":1,"5":1},"f":{},"b":{},"_coverageSchema":"1a1c01bbd47fc00a2c39e90264f33305004495a9","hash":"7a9679516fcc3287c25d3eb2f53b79d2aa0a6197"}
,"C:\\Users\\maria.adilla\\Documents\\git\\mern-ecommerce\\backend\\routes\\cart.route.js": {"path":"C:\\Users\\maria.adilla\\Documents\\git\\mern-ecommerce\\backend\\routes\\cart.route.js","statementMap":{"0":{"start":{"line":5,"column":15},"end":{"line":5,"column":31}},"1":{"start":{"line":7,"column":0},"end":{"line":7,"column":47}},"2":{"start":{"line":8,"column":0},"end":{"line":8,"column":42}},"3":{"start":{"line":9,"column":0},"end":{"line":9,"column":52}},"4":{"start":{"line":10,"column":0},"end":{"line":10,"column":49}}},"fnMap":{},"branchMap":{},"s":{"0":1,"1":1,"2":1,"3":1,"4":1},"f":{},"b":{},"_coverageSchema":"1a1c01bbd47fc00a2c39e90264f33305004495a9","hash":"7d7adf1cc0dedab488d5397fbf17dd4b7d1d7efa"}
,"C:\\Users\\maria.adilla\\Documents\\git\\mern-ecommerce\\backend\\routes\\coupon.route.js": {"path":"C:\\Users\\maria.adilla\\Documents\\git\\mern-ecommerce\\backend\\routes\\coupon.route.js","statementMap":{"0":{"start":{"line":5,"column":15},"end":{"line":5,"column":31}},"1":{"start":{"line":7,"column":0},"end":{"line":7,"column":41}},"2":{"start":{"line":8,"column":0},"end":{"line":8,"column":55}}},"fnMap":{},"branchMap":{},"s":{"0":1,"1":1,"2":1},"f":{},"b":{},"_coverageSchema":"1a1c01bbd47fc00a2c39e90264f33305004495a9","hash":"b1181181c6e5fd34eeac8861be8d56358776aba2"}
,"C:\\Users\\maria.adilla\\Documents\\git\\mern-ecommerce\\backend\\routes\\payment.route.js": {"path":"C:\\Users\\maria.adilla\\Documents\\git\\mern-ecommerce\\backend\\routes\\payment.route.js","statementMap":{"0":{"start":{"line":5,"column":15},"end":{"line":5,"column":31}},"1":{"start":{"line":7,"column":0},"end":{"line":7,"column":77}},"2":{"start":{"line":8,"column":0},"end":{"line":8,"column":64}}},"fnMap":{},"branchMap":{},"s":{"0":1,"1":1,"2":1},"f":{},"b":{},"_coverageSchema":"1a1c01bbd47fc00a2c39e90264f33305004495a9","hash":"b5a4ff7b58bd23b0aa5b0b18cc4aa46d68bd38a5"}
,"C:\\Users\\maria.adilla\\Documents\\git\\mern-ecommerce\\backend\\routes\\product.route.js": {"path":"C:\\Users\\maria.adilla\\Documents\\git\\mern-ecommerce\\backend\\routes\\product.route.js","statementMap":{"0":{"start":{"line":13,"column":15},"end":{"line":13,"column":31}},"1":{"start":{"line":15,"column":0},"end":{"line":15,"column":58}},"2":{"start":{"line":16,"column":0},"end":{"line":16,"column":45}},"3":{"start":{"line":17,"column":0},"end":{"line":17,"column":57}},"4":{"start":{"line":18,"column":0},"end":{"line":18,"column":55}},"5":{"start":{"line":19,"column":0},"end":{"line":19,"column":58}},"6":{"start":{"line":20,"column":0},"end":{"line":20,"column":70}},"7":{"start":{"line":21,"column":0},"end":{"line":21,"column":63}}},"fnMap":{},"branchMap":{},"s":{"0":1,"1":1,"2":1,"3":1,"4":1,"5":1,"6":1,"7":1},"f":{},"b":{},"_coverageSchema":"1a1c01bbd47fc00a2c39e90264f33305004495a9","hash":"45748ed4f603bad115e58af82036e13aa0fafe11"}
,"C:\\Users\\maria.adilla\\Documents\\git\\mern-ecommerce\\backend\\tests\\setup.js": {"path":"C:\\Users\\maria.adilla\\Documents\\git\\mern-ecommerce\\backend\\tests\\setup.js","statementMap":{"0":{"start":{"line":6,"column":21},"end":{"line":6,"column":32}},"1":{"start":{"line":8,"column":29},"end":{"line":12,"column":1}},"2":{"start":{"line":9,"column":2},"end":{"line":9,"column":49}},"3":{"start":{"line":10,"column":14},"end":{"line":10,"column":34}},"4":{"start":{"line":11,"column":2},"end":{"line":11,"column":30}},"5":{"start":{"line":14,"column":32},"end":{"line":18,"column":1}},"6":{"start":{"line":15,"column":2},"end":{"line":15,"column":43}},"7":{"start":{"line":16,"column":2},"end":{"line":16,"column":36}},"8":{"start":{"line":17,"column":2},"end":{"line":17,"column":27}}},"fnMap":{"0":{"name":"(anonymous_0)","decl":{"start":{"line":8,"column":29},"end":{"line":8,"column":30}},"loc":{"start":{"line":8,"column":41},"end":{"line":12,"column":1}},"line":8},"1":{"name":"(anonymous_1)","decl":{"start":{"line":14,"column":32},"end":{"line":14,"column":33}},"loc":{"start":{"line":14,"column":44},"end":{"line":18,"column":1}},"line":14}},"branchMap":{},"s":{"0":1,"1":1,"2":1,"3":1,"4":1,"5":1,"6":1,"7":1,"8":1},"f":{"0":1,"1":1},"b":{},"_coverageSchema":"1a1c01bbd47fc00a2c39e90264f33305004495a9","hash":"f7342ca0f111f5a972a15dfadaeeddee3d062339"}
}
