TN:
SF:backend\app.js
FNF:0
FNH:0
DA:13,1
DA:15,1
DA:17,1
DA:18,1
DA:20,1
DA:21,1
DA:22,1
DA:23,1
DA:24,1
DA:25,1
LF:10
LH:10
BRF:0
BRH:0
end_of_record
TN:
SF:backend\controllers\analytics.controller.js
FN:5,(anonymous_0)
FN:29,(anonymous_1)
FN:62,(anonymous_2)
FN:63,(anonymous_3)
FN:76,getDatesInRange
FNF:5
FNH:4
FNDA:1,(anonymous_0)
FNDA:1,(anonymous_1)
FNDA:8,(anonymous_2)
FNDA:0,(anonymous_3)
FNDA:1,getDatesInRange
DA:5,1
DA:6,1
DA:7,1
DA:9,1
DA:19,1
DA:21,1
DA:29,1
DA:30,1
DA:31,1
DA:59,1
DA:62,1
DA:63,8
DA:65,8
DA:72,0
DA:77,1
DA:78,1
DA:80,1
DA:81,8
DA:82,8
DA:85,1
LF:20
LH:19
BRDA:19,0,0,1
BRDA:19,0,1,1
BRDA:67,1,0,8
BRDA:67,1,1,8
BRDA:68,2,0,8
BRDA:68,2,1,8
BRF:6
BRH:6
end_of_record
TN:
SF:backend\controllers\auth.controller.js
FN:5,(anonymous_0)
FN:17,(anonymous_1)
FN:21,(anonymous_2)
FN:36,(anonymous_3)
FN:79,(anonymous_4)
FN:110,(anonymous_5)
FN:128,(anonymous_6)
FN:159,(anonymous_7)
FNF:8
FNH:7
FNDA:11,(anonymous_0)
FNDA:11,(anonymous_1)
FNDA:11,(anonymous_2)
FNDA:10,(anonymous_3)
FNDA:9,(anonymous_4)
FNDA:3,(anonymous_5)
FNDA:0,(anonymous_6)
FNDA:2,(anonymous_7)
DA:5,1
DA:6,11
DA:10,11
DA:14,11
DA:17,1
DA:18,11
DA:21,1
DA:22,11
DA:28,11
DA:36,1
DA:37,10
DA:38,10
DA:40,10
DA:41,1
DA:44,9
DA:46,9
DA:47,2
DA:49,7
DA:50,7
DA:51,1
DA:55,6
DA:56,1
DA:59,5
DA:62,5
DA:63,5
DA:65,5
DA:67,5
DA:74,0
DA:75,0
DA:79,1
DA:80,9
DA:81,9
DA:84,9
DA:85,1
DA:88,8
DA:90,8
DA:91,6
DA:92,6
DA:93,6
DA:95,6
DA:102,2
DA:105,0
DA:106,0
DA:110,1
DA:111,3
DA:112,3
DA:113,3
DA:114,1
DA:115,1
DA:118,3
DA:119,3
DA:120,3
DA:122,0
DA:123,0
DA:128,1
DA:129,0
DA:130,0
DA:132,0
DA:133,0
DA:136,0
DA:137,0
DA:139,0
DA:140,0
DA:143,0
DA:145,0
DA:152,0
DA:154,0
DA:155,0
DA:159,1
DA:160,2
DA:161,2
DA:163,0
LF:72
LH:52
BRDA:40,0,0,1
BRDA:40,0,1,9
BRDA:40,1,0,10
BRDA:40,1,1,10
BRDA:40,1,2,10
BRDA:46,2,0,2
BRDA:46,2,1,7
BRDA:50,3,0,1
BRDA:50,3,1,6
BRDA:55,4,0,1
BRDA:55,4,1,5
BRDA:84,5,0,1
BRDA:84,5,1,8
BRDA:84,6,0,9
BRDA:84,6,1,9
BRDA:90,7,0,6
BRDA:90,7,1,2
BRDA:90,8,0,8
BRDA:90,8,1,7
BRDA:113,9,0,1
BRDA:113,9,1,2
BRDA:132,10,0,0
BRDA:132,10,1,0
BRDA:139,11,0,0
BRDA:139,11,1,0
BRF:25
BRH:21
end_of_record
TN:
SF:backend\controllers\cart.controller.js
FN:3,(anonymous_0)
FN:8,(anonymous_1)
FN:9,(anonymous_2)
FN:20,(anonymous_3)
FN:25,(anonymous_4)
FN:40,(anonymous_5)
FN:47,(anonymous_6)
FN:56,(anonymous_7)
FN:61,(anonymous_8)
FN:65,(anonymous_9)
FNF:10
FNH:0
FNDA:0,(anonymous_0)
FNDA:0,(anonymous_1)
FNDA:0,(anonymous_2)
FNDA:0,(anonymous_3)
FNDA:0,(anonymous_4)
FNDA:0,(anonymous_5)
FNDA:0,(anonymous_6)
FNDA:0,(anonymous_7)
FNDA:0,(anonymous_8)
FNDA:0,(anonymous_9)
DA:3,1
DA:4,0
DA:5,0
DA:8,0
DA:9,0
DA:10,0
DA:13,0
DA:15,0
DA:16,0
DA:20,1
DA:21,0
DA:22,0
DA:23,0
DA:25,0
DA:26,0
DA:27,0
DA:29,0
DA:32,0
DA:33,0
DA:35,0
DA:36,0
DA:40,1
DA:41,0
DA:42,0
DA:43,0
DA:44,0
DA:45,0
DA:47,0
DA:49,0
DA:50,0
DA:52,0
DA:56,1
DA:57,0
DA:58,0
DA:59,0
DA:60,0
DA:61,0
DA:63,0
DA:64,0
DA:65,0
DA:66,0
DA:67,0
DA:70,0
DA:71,0
DA:72,0
DA:74,0
DA:77,0
DA:78,0
LF:48
LH:4
BRDA:26,0,0,0
BRDA:26,0,1,0
BRDA:44,1,0,0
BRDA:44,1,1,0
BRDA:63,2,0,0
BRDA:63,2,1,0
BRDA:64,3,0,0
BRDA:64,3,1,0
BRF:8
BRH:0
end_of_record
TN:
SF:backend\controllers\coupon.controller.js
FN:3,(anonymous_0)
FN:13,(anonymous_1)
FNF:2
FNH:0
FNDA:0,(anonymous_0)
FNDA:0,(anonymous_1)
DA:3,1
DA:4,0
DA:5,0
DA:6,0
DA:8,0
DA:9,0
DA:13,1
DA:14,0
DA:15,0
DA:16,0
DA:18,0
DA:19,0
DA:22,0
DA:23,0
DA:24,0
DA:25,0
DA:28,0
DA:34,0
DA:35,0
LF:19
LH:2
BRDA:6,0,0,0
BRDA:6,0,1,0
BRDA:18,1,0,0
BRDA:18,1,1,0
BRDA:22,2,0,0
BRDA:22,2,1,0
BRF:6
BRH:0
end_of_record
TN:
SF:backend\controllers\payment.controller.js
FN:5,(anonymous_0)
FN:15,(anonymous_1)
FN:57,(anonymous_2)
FN:76,(anonymous_3)
FN:98,(anonymous_4)
FN:121,createStripeCoupon
FN:130,createNewCoupon
FNF:7
FNH:0
FNDA:0,(anonymous_0)
FNDA:0,(anonymous_1)
FNDA:0,(anonymous_2)
FNDA:0,(anonymous_3)
FNDA:0,(anonymous_4)
FNDA:0,createStripeCoupon
FNDA:0,createNewCoupon
DA:5,1
DA:6,0
DA:7,0
DA:9,0
DA:10,0
DA:13,0
DA:15,0
DA:16,0
DA:17,0
DA:19,0
DA:32,0
DA:33,0
DA:34,0
DA:35,0
DA:36,0
DA:40,0
DA:57,0
DA:66,0
DA:67,0
DA:69,0
DA:71,0
DA:72,0
DA:76,1
DA:77,0
DA:78,0
DA:79,0
DA:81,0
DA:82,0
DA:83,0
DA:95,0
DA:96,0
DA:98,0
DA:107,0
DA:109,0
DA:116,0
DA:117,0
DA:122,0
DA:127,0
DA:131,0
DA:133,0
DA:140,0
DA:142,0
LF:42
LH:2
BRDA:9,0,0,0
BRDA:9,0,1,0
BRDA:9,1,0,0
BRDA:9,1,1,0
BRDA:28,2,0,0
BRDA:28,2,1,0
BRDA:33,3,0,0
BRDA:33,3,1,0
BRDA:35,4,0,0
BRDA:35,4,1,0
BRDA:46,5,0,0
BRDA:46,5,1,0
BRDA:55,6,0,0
BRDA:55,6,1,0
BRDA:66,7,0,0
BRDA:66,7,1,0
BRDA:81,8,0,0
BRDA:81,8,1,0
BRDA:82,9,0,0
BRDA:82,9,1,0
BRF:20
BRH:0
end_of_record
TN:
SF:backend\controllers\product.controller.js
FN:5,(anonymous_0)
FN:15,(anonymous_1)
FN:42,(anonymous_2)
FN:67,(anonymous_3)
FN:94,(anonymous_4)
FN:118,(anonymous_5)
FN:129,(anonymous_6)
FN:146,updateFeaturedProductsCache
FNF:8
FNH:0
FNDA:0,(anonymous_0)
FNDA:0,(anonymous_1)
FNDA:0,(anonymous_2)
FNDA:0,(anonymous_3)
FNDA:0,(anonymous_4)
FNDA:0,(anonymous_5)
FNDA:0,(anonymous_6)
FNDA:0,updateFeaturedProductsCache
DA:5,1
DA:6,0
DA:7,0
DA:8,0
DA:10,0
DA:11,0
DA:15,1
DA:16,0
DA:17,0
DA:18,0
DA:19,0
DA:25,0
DA:27,0
DA:28,0
DA:33,0
DA:35,0
DA:37,0
DA:38,0
DA:42,1
DA:43,0
DA:44,0
DA:46,0
DA:48,0
DA:49,0
DA:52,0
DA:60,0
DA:62,0
DA:63,0
DA:67,1
DA:68,0
DA:69,0
DA:71,0
DA:72,0
DA:75,0
DA:76,0
DA:77,0
DA:78,0
DA:79,0
DA:81,0
DA:85,0
DA:87,0
DA:89,0
DA:90,0
DA:94,1
DA:95,0
DA:96,0
DA:111,0
DA:113,0
DA:114,0
DA:118,1
DA:119,0
DA:120,0
DA:121,0
DA:122,0
DA:124,0
DA:125,0
DA:129,1
DA:130,0
DA:131,0
DA:132,0
DA:133,0
DA:134,0
DA:135,0
DA:136,0
DA:138,0
DA:141,0
DA:142,0
DA:147,0
DA:150,0
DA:151,0
DA:153,0
LF:71
LH:7
BRDA:18,0,0,0
BRDA:18,0,1,0
BRDA:27,1,0,0
BRDA:27,1,1,0
BRDA:48,2,0,0
BRDA:48,2,1,0
BRDA:56,3,0,0
BRDA:56,3,1,0
BRDA:71,4,0,0
BRDA:71,4,1,0
BRDA:75,5,0,0
BRDA:75,5,1,0
BRDA:132,6,0,0
BRDA:132,6,1,0
BRF:14
BRH:0
end_of_record
TN:
SF:backend\lib\cloudinary.js
FNF:0
FNH:0
DA:4,1
DA:6,1
LF:2
LH:2
BRF:0
BRH:0
end_of_record
TN:
SF:backend\lib\redis.js
FN:9,(anonymous_0)
FN:10,(anonymous_1)
FN:11,(anonymous_2)
FNF:3
FNH:2
FNDA:11,(anonymous_0)
FNDA:0,(anonymous_1)
FNDA:1,(anonymous_2)
DA:4,1
DA:7,1
DA:9,11
DA:10,0
DA:11,1
LF:5
LH:4
BRDA:7,0,0,1
BRDA:7,0,1,0
BRF:2
BRH:1
end_of_record
TN:
SF:backend\lib\stripe.js
FNF:0
FNH:0
DA:4,1
DA:6,1
LF:2
LH:2
BRF:0
BRH:0
end_of_record
TN:
SF:backend\middleware\auth.middleware.js
FN:4,(anonymous_0)
FN:35,(anonymous_1)
FNF:2
FNH:2
FNDA:6,(anonymous_0)
FNDA:2,(anonymous_1)
DA:4,1
DA:5,6
DA:6,6
DA:8,6
DA:9,1
DA:12,5
DA:13,5
DA:14,4
DA:16,4
DA:17,0
DA:20,4
DA:22,4
DA:24,1
DA:25,0
DA:27,1
DA:30,1
DA:31,1
DA:35,1
DA:36,2
DA:37,1
DA:39,1
LF:21
LH:19
BRDA:8,0,0,1
BRDA:8,0,1,5
BRDA:16,1,0,0
BRDA:16,1,1,4
BRDA:24,2,0,0
BRDA:24,2,1,1
BRDA:36,3,0,1
BRDA:36,3,1,1
BRDA:36,4,0,2
BRDA:36,4,1,2
BRF:10
BRH:8
end_of_record
TN:
SF:backend\models\coupon.model.js
FNF:0
FNH:0
DA:3,1
DA:36,1
LF:2
LH:2
BRF:0
BRH:0
end_of_record
TN:
SF:backend\models\order.model.js
FNF:0
FNH:0
DA:3,1
DA:42,1
LF:2
LH:2
BRF:0
BRH:0
end_of_record
TN:
SF:backend\models\product.model.js
FNF:0
FNH:0
DA:3,1
DA:34,1
LF:2
LH:2
BRF:0
BRH:0
end_of_record
TN:
SF:backend\models\user.model.js
FN:46,(anonymous_0)
FN:58,(anonymous_1)
FNF:2
FNH:2
FNDA:12,(anonymous_0)
FNDA:7,(anonymous_1)
DA:4,1
DA:46,1
DA:47,12
DA:49,12
DA:50,12
DA:51,12
DA:52,12
DA:54,0
DA:58,1
DA:59,7
DA:62,1
LF:11
LH:10
BRDA:47,0,0,0
BRDA:47,0,1,12
BRF:2
BRH:1
end_of_record
TN:
SF:backend\routes\analytics.route.js
FN:7,(anonymous_0)
FNF:1
FNH:1
FNDA:1,(anonymous_0)
DA:5,1
DA:7,1
DA:8,1
DA:9,1
DA:11,1
DA:12,1
DA:14,1
DA:16,1
DA:21,0
DA:22,0
LF:10
LH:8
BRF:0
BRH:0
end_of_record
TN:
SF:backend\routes\auth.route.js
FNF:0
FNH:0
DA:5,1
DA:7,1
DA:8,1
DA:9,1
DA:10,1
DA:11,1
LF:6
LH:6
BRF:0
BRH:0
end_of_record
TN:
SF:backend\routes\cart.route.js
FNF:0
FNH:0
DA:5,1
DA:7,1
DA:8,1
DA:9,1
DA:10,1
LF:5
LH:5
BRF:0
BRH:0
end_of_record
TN:
SF:backend\routes\coupon.route.js
FNF:0
FNH:0
DA:5,1
DA:7,1
DA:8,1
LF:3
LH:3
BRF:0
BRH:0
end_of_record
TN:
SF:backend\routes\payment.route.js
FNF:0
FNH:0
DA:5,1
DA:7,1
DA:8,1
LF:3
LH:3
BRF:0
BRH:0
end_of_record
TN:
SF:backend\routes\product.route.js
FNF:0
FNH:0
DA:13,1
DA:15,1
DA:16,1
DA:17,1
DA:18,1
DA:19,1
DA:20,1
DA:21,1
LF:8
LH:8
BRF:0
BRH:0
end_of_record
TN:
SF:backend\tests\setup.js
FN:8,(anonymous_0)
FN:14,(anonymous_1)
FNF:2
FNH:2
FNDA:1,(anonymous_0)
FNDA:1,(anonymous_1)
DA:6,1
DA:8,1
DA:9,1
DA:10,1
DA:11,1
DA:14,1
DA:15,1
DA:16,1
DA:17,1
LF:9
LH:9
BRF:0
BRH:0
end_of_record
